<?xml version="1.0" encoding="utf-8"?><testsuites name="pytest tests"><testsuite name="pytest" errors="0" failures="2" skipped="2" tests="16" time="3.814" timestamp="2026-02-21T19:45:09.119250+00:00" hostname="agent-env-8fda8681-b465-46ae-b957-b57b2307567e"><testcase classname="backend.tests.test_schema_translations.TestSchemaOrgTranslations" name="test_german_page_loads" time="1.738" /><testcase classname="backend.tests.test_schema_translations.TestSchemaOrgTranslations" name="test_turkish_page_loads" time="0.123" /><testcase classname="backend.tests.test_schema_translations.TestSchemaOrgTranslations" name="test_german_mobile_application_name" time="0.145" /><testcase classname="backend.tests.test_schema_translations.TestSchemaOrgTranslations" name="test_turkish_mobile_application_name" time="0.120" /><testcase classname="backend.tests.test_schema_translations.TestSchemaOrgTranslations" name="test_german_mobile_application_description" time="0.146" /><testcase classname="backend.tests.test_schema_translations.TestSchemaOrgTranslations" name="test_turkish_mobile_application_description" time="0.122" /><testcase classname="backend.tests.test_schema_translations.TestSchemaOrgTranslations" name="test_german_feature_list_translation" time="0.128"><failure message="AssertionError: Expected German feature 'Dokumentenscannen' in page&#10;assert 'Dokumentenscannen' in '&lt;!DOCTYPE html&gt;\n&lt;html lang=&quot;de&quot; prefix=&quot;og: https://ogp.me/ns#&quot;&gt;\n&lt;head&gt;\n    &lt;meta charset=&quot;UTF-8&quot;&gt;\n    &lt;meta name=&quot;viewport&quot; content=&quot;width=device-width, initial-scale=1.0&quot;&gt;\n    \n    &lt;!-- Primary SEO Meta Tags --&gt;\n    &lt;title&gt;ScanUp - #1 Kostenloser Dokumentenscanner | Scannen zu PDF&lt;/title&gt;\n    &lt;meta name=&quot;description&quot; content=&quot;ScanUp ist die #1 kostenlose Dokumentenscanner-App. Scannen Sie Dokumente zu PDF, unterschreiben Sie digital, OCR-Texterkennung und teilen Sie sofort. Download für iOS &amp; Android. Keine Wasserzeichen, unbegrenzte Scans.&quot;&gt;\n    &lt;meta name=&quot;keywords&quot; content=&quot;document scanner, PDF scanner, mobile scanner, scan documents, free scanner app, document scanner app, PDF scanner app, OCR scanner, digital signature app, scan to PDF, iPhone scanner, Android scanner, best scanner app, free PDF scanner, document scanning, receipt scanner, photo to PDF, scan documents free, portable scanner, pocket scanner&quot;&gt;\n    &lt;meta name=&quot;author&quot; content=&quot;ScanUp&quot;&gt;\n    &lt;meta name=&quot;robots&quot; content=&quot;index, follow, max-image-preview:large, max-snippet:-1, max-video-preview:-1&quot;&gt;\n    &lt;meta name=&quot;googlebot&quot; content=&quot;index, follow&quot;&gt;\n    &lt;meta name=&quot;bingbot&quot; content=&quot;index, follow&quot;...&quot;/dashboard#settings&quot;]\').forEach(function(link) {\n                    link.href = settingsUrl;\n                });\n            }\n            \n            // Run immediately\n            fixDashboardLinks();\n            \n            // Run on DOM ready\n            if (document.readyState === \'loading\') {\n                document.addEventListener(\'DOMContentLoaded\', fixDashboardLinks);\n            }\n            \n            // Run periodically for dynamically created links\n            setInterval(fixDashboardLinks, 500);\n            \n            // Make getDashboardUrl available globally for auth script\n            window.getDashboardUrl = getDashboardUrl;\n            \n            // Load i18n script\n            var script = document.createElement(\'script\');\n            script.src = basePath + \'/js/i18n-v2.js\';\n            script.onerror = function() {\n                var fallbackScript = document.createElement(\'script\');\n                fallbackScript.src = \'/js/i18n-v2.js\';\n                document.head.appendChild(fallbackScript);\n            };\n            document.head.appendChild(script);\n        })();\n    &lt;/script&gt;\n&lt;/body&gt;\n&lt;/html&gt;\n'">backend/tests/test_schema_translations.py:105: in test_german_feature_list_translation
    assert feature in html, f"Expected German feature '{feature}' in page"
E   AssertionError: Expected German feature 'Dokumentenscannen' in page
E   assert 'Dokumentenscannen' in '&lt;!DOCTYPE html&gt;\n&lt;html lang="de" prefix="og: https://ogp.me/ns#"&gt;\n&lt;head&gt;\n    &lt;meta charset="UTF-8"&gt;\n    &lt;meta name="viewport" content="width=device-width, initial-scale=1.0"&gt;\n    \n    &lt;!-- Primary SEO Meta Tags --&gt;\n    &lt;title&gt;ScanUp - #1 Kostenloser Dokumentenscanner | Scannen zu PDF&lt;/title&gt;\n    &lt;meta name="description" content="ScanUp ist die #1 kostenlose Dokumentenscanner-App. Scannen Sie Dokumente zu PDF, unterschreiben Sie digital, OCR-Texterkennung und teilen Sie sofort. Download für iOS &amp; Android. Keine Wasserzeichen, unbegrenzte Scans."&gt;\n    &lt;meta name="keywords" content="document scanner, PDF scanner, mobile scanner, scan documents, free scanner app, document scanner app, PDF scanner app, OCR scanner, digital signature app, scan to PDF, iPhone scanner, Android scanner, best scanner app, free PDF scanner, document scanning, receipt scanner, photo to PDF, scan documents free, portable scanner, pocket scanner"&gt;\n    &lt;meta name="author" content="ScanUp"&gt;\n    &lt;meta name="robots" content="index, follow, max-image-preview:large, max-snippet:-1, max-video-preview:-1"&gt;\n    &lt;meta name="googlebot" content="index, follow"&gt;\n    &lt;meta name="bingbot" content="index, follow"..."/dashboard#settings"]\').forEach(function(link) {\n                    link.href = settingsUrl;\n                });\n            }\n            \n            // Run immediately\n            fixDashboardLinks();\n            \n            // Run on DOM ready\n            if (document.readyState === \'loading\') {\n                document.addEventListener(\'DOMContentLoaded\', fixDashboardLinks);\n            }\n            \n            // Run periodically for dynamically created links\n            setInterval(fixDashboardLinks, 500);\n            \n            // Make getDashboardUrl available globally for auth script\n            window.getDashboardUrl = getDashboardUrl;\n            \n            // Load i18n script\n            var script = document.createElement(\'script\');\n            script.src = basePath + \'/js/i18n-v2.js\';\n            script.onerror = function() {\n                var fallbackScript = document.createElement(\'script\');\n                fallbackScript.src = \'/js/i18n-v2.js\';\n                document.head.appendChild(fallbackScript);\n            };\n            document.head.appendChild(script);\n        })();\n    &lt;/script&gt;\n&lt;/body&gt;\n&lt;/html&gt;\n'</failure></testcase><testcase classname="backend.tests.test_schema_translations.TestSchemaOrgTranslations" name="test_turkish_feature_list_translation" time="0.137"><failure message="AssertionError: Expected Turkish feature 'Belge Tarama' in page&#10;assert 'Belge Tarama' in '&lt;!DOCTYPE html&gt;\n&lt;html lang=&quot;tr&quot; prefix=&quot;og: https://ogp.me/ns#&quot;&gt;\n&lt;head&gt;\n    &lt;meta charset=&quot;UTF-8&quot;&gt;\n    &lt;meta name=&quot;viewport&quot; content=&quot;width=device-width, initial-scale=1.0&quot;&gt;\n    \n    &lt;!-- Primary SEO Meta Tags --&gt;\n    &lt;title&gt;ScanUp - #1 Ücretsiz Belge Tarayıcı | PDF\'e Tara&lt;/title&gt;\n    &lt;meta name=&quot;description&quot; content=&quot;ScanUp, #1 ücretsiz belge tarayıcı uygulamasıdır. Belgeleri PDF\'e tarayın, dijital imza atın, OCR metin tanıma ve anında paylaşın. iOS ve Android için indirin. Filigran yok, sınırsız tarama.&quot;&gt;\n    &lt;meta name=&quot;keywords&quot; content=&quot;document scanner, PDF scanner, mobile scanner, scan documents, free scanner app, document scanner app, PDF scanner app, OCR scanner, digital signature app, scan to PDF, iPhone scanner, Android scanner, best scanner app, free PDF scanner, document scanning, receipt scanner, photo to PDF, scan documents free, portable scanner, pocket scanner&quot;&gt;\n    &lt;meta name=&quot;author&quot; content=&quot;ScanUp&quot;&gt;\n    &lt;meta name=&quot;robots&quot; content=&quot;index, follow, max-image-preview:large, max-snippet:-1, max-video-preview:-1&quot;&gt;\n    &lt;meta name=&quot;googlebot&quot; content=&quot;index, follow&quot;&gt;\n    &lt;meta name=&quot;bingbot&quot; content=&quot;index, follow&quot;&gt;\n    &lt;link rel=&quot;canonical&quot; href=&quot;h...&quot;/dashboard#settings&quot;]\').forEach(function(link) {\n                    link.href = settingsUrl;\n                });\n            }\n            \n            // Run immediately\n            fixDashboardLinks();\n            \n            // Run on DOM ready\n            if (document.readyState === \'loading\') {\n                document.addEventListener(\'DOMContentLoaded\', fixDashboardLinks);\n            }\n            \n            // Run periodically for dynamically created links\n            setInterval(fixDashboardLinks, 500);\n            \n            // Make getDashboardUrl available globally for auth script\n            window.getDashboardUrl = getDashboardUrl;\n            \n            // Load i18n script\n            var script = document.createElement(\'script\');\n            script.src = basePath + \'/js/i18n-v2.js\';\n            script.onerror = function() {\n                var fallbackScript = document.createElement(\'script\');\n                fallbackScript.src = \'/js/i18n-v2.js\';\n                document.head.appendChild(fallbackScript);\n            };\n            document.head.appendChild(script);\n        })();\n    &lt;/script&gt;\n&lt;/body&gt;\n&lt;/html&gt;\n'">backend/tests/test_schema_translations.py:118: in test_turkish_feature_list_translation
    assert feature in html, f"Expected Turkish feature '{feature}' in page"
E   AssertionError: Expected Turkish feature 'Belge Tarama' in page
E   assert 'Belge Tarama' in '&lt;!DOCTYPE html&gt;\n&lt;html lang="tr" prefix="og: https://ogp.me/ns#"&gt;\n&lt;head&gt;\n    &lt;meta charset="UTF-8"&gt;\n    &lt;meta name="viewport" content="width=device-width, initial-scale=1.0"&gt;\n    \n    &lt;!-- Primary SEO Meta Tags --&gt;\n    &lt;title&gt;ScanUp - #1 Ücretsiz Belge Tarayıcı | PDF\'e Tara&lt;/title&gt;\n    &lt;meta name="description" content="ScanUp, #1 ücretsiz belge tarayıcı uygulamasıdır. Belgeleri PDF\'e tarayın, dijital imza atın, OCR metin tanıma ve anında paylaşın. iOS ve Android için indirin. Filigran yok, sınırsız tarama."&gt;\n    &lt;meta name="keywords" content="document scanner, PDF scanner, mobile scanner, scan documents, free scanner app, document scanner app, PDF scanner app, OCR scanner, digital signature app, scan to PDF, iPhone scanner, Android scanner, best scanner app, free PDF scanner, document scanning, receipt scanner, photo to PDF, scan documents free, portable scanner, pocket scanner"&gt;\n    &lt;meta name="author" content="ScanUp"&gt;\n    &lt;meta name="robots" content="index, follow, max-image-preview:large, max-snippet:-1, max-video-preview:-1"&gt;\n    &lt;meta name="googlebot" content="index, follow"&gt;\n    &lt;meta name="bingbot" content="index, follow"&gt;\n    &lt;link rel="canonical" href="h..."/dashboard#settings"]\').forEach(function(link) {\n                    link.href = settingsUrl;\n                });\n            }\n            \n            // Run immediately\n            fixDashboardLinks();\n            \n            // Run on DOM ready\n            if (document.readyState === \'loading\') {\n                document.addEventListener(\'DOMContentLoaded\', fixDashboardLinks);\n            }\n            \n            // Run periodically for dynamically created links\n            setInterval(fixDashboardLinks, 500);\n            \n            // Make getDashboardUrl available globally for auth script\n            window.getDashboardUrl = getDashboardUrl;\n            \n            // Load i18n script\n            var script = document.createElement(\'script\');\n            script.src = basePath + \'/js/i18n-v2.js\';\n            script.onerror = function() {\n                var fallbackScript = document.createElement(\'script\');\n                fallbackScript.src = \'/js/i18n-v2.js\';\n                document.head.appendChild(fallbackScript);\n            };\n            document.head.appendChild(script);\n        })();\n    &lt;/script&gt;\n&lt;/body&gt;\n&lt;/html&gt;\n'</failure></testcase><testcase classname="backend.tests.test_schema_translations.TestSchemaOrgTranslations" name="test_german_faq_schema_questions" time="0.125"><skipped type="pytest.skip" message="FAQ Q1 translation not implemented - regex mismatch in server.py">/app/backend/tests/test_schema_translations.py:138: FAQ Q1 translation not implemented - regex mismatch in server.py</skipped></testcase><testcase classname="backend.tests.test_schema_translations.TestSchemaOrgTranslations" name="test_turkish_faq_schema_questions" time="0.131"><skipped type="pytest.skip" message="FAQ Q1 translation not implemented - regex mismatch in server.py">/app/backend/tests/test_schema_translations.py:160: FAQ Q1 translation not implemented - regex mismatch in server.py</skipped></testcase><testcase classname="backend.tests.test_schema_translations.TestDashboardRouting" name="test_german_dashboard_route_exists" time="0.113" /><testcase classname="backend.tests.test_schema_translations.TestDashboardRouting" name="test_turkish_dashboard_route_exists" time="0.120" /><testcase classname="backend.tests.test_schema_translations.TestDashboardRouting" name="test_english_dashboard_route_exists" time="0.127" /><testcase classname="backend.tests.test_schema_translations.TestDashboardRouting" name="test_dashboard_html_contains_login_elements" time="0.190" /><testcase classname="backend.tests.test_schema_translations.TestLoginButtonRouting" name="test_german_page_has_dashboard_link" time="0.127" /><testcase classname="backend.tests.test_schema_translations.TestLoginButtonRouting" name="test_dashboard_url_function_exists" time="0.137" /></testsuite></testsuites>